{"timestamp": "2025-09-15T00:00:09.566672", "level": "\u001b[31mERROR\u001b[0m", "logger": "src.utils.logger", "message": "Config validation error: 'str' object has no attribute 'get'", "module": "logger", "function": "_log", "line": 234}
{"timestamp": "2025-09-15T00:00:09.567133", "level": "\u001b[31mERROR\u001b[0m", "logger": "src.utils.logger", "message": "Config validation failed", "module": "logger", "function": "_log", "line": 234}
{"timestamp": "2025-09-15T00:00:31.220623", "level": "\u001b[31mERROR\u001b[0m", "logger": "src.utils.logger", "message": "Config validation error: 'str' object has no attribute 'get'", "module": "logger", "function": "_log", "line": 234}
{"timestamp": "2025-09-15T00:00:31.224588", "level": "\u001b[31mERROR\u001b[0m", "logger": "src.utils.logger", "message": "Config validation failed", "module": "logger", "function": "_log", "line": 234}
{"timestamp": "2025-09-15T00:00:35.714281", "level": "\u001b[31mERROR\u001b[0m", "logger": "src.utils.logger", "message": "Config validation error: 'str' object has no attribute 'get'", "module": "logger", "function": "_log", "line": 234}
{"timestamp": "2025-09-15T00:00:35.715113", "level": "\u001b[31mERROR\u001b[0m", "logger": "src.utils.logger", "message": "Config validation failed", "module": "logger", "function": "_log", "line": 234}
{"timestamp": "2025-09-15T00:00:40.091903", "level": "\u001b[31mERROR\u001b[0m", "logger": "src.utils.logger", "message": "Config validation error: 'str' object has no attribute 'get'", "module": "logger", "function": "_log", "line": 234}
{"timestamp": "2025-09-15T00:00:40.092318", "level": "\u001b[31mERROR\u001b[0m", "logger": "src.utils.logger", "message": "Config validation failed", "module": "logger", "function": "_log", "line": 234}
{"timestamp": "2025-09-15T00:01:13.030849", "level": "\u001b[31mERROR\u001b[0m", "logger": "src.api.routes.config_routes", "message": "Konfigürasyon alınamadı: 'ServerSettings' object has no attribute 'debug'", "module": "logger", "function": "_log", "line": 234}
{"timestamp": "2025-09-15T00:01:22.001877", "level": "\u001b[31mERROR\u001b[0m", "logger": "src.api.routes.config_routes", "message": "Konfigürasyon alınamadı: 'ServerSettings' object has no attribute 'debug'", "module": "logger", "function": "_log", "line": 234}
{"timestamp": "2025-09-15T00:02:34.122681", "level": "\u001b[31mERROR\u001b[0m", "logger": "src.utils.logger", "message": "Config validation error: 'str' object has no attribute 'get'", "module": "logger", "function": "_log", "line": 234}
{"timestamp": "2025-09-15T00:02:34.124297", "level": "\u001b[31mERROR\u001b[0m", "logger": "src.utils.logger", "message": "Config validation failed", "module": "logger", "function": "_log", "line": 234}
{"timestamp": "2025-09-15T00:06:01.175699", "level": "\u001b[31mERROR\u001b[0m", "logger": "src.utils.logger", "message": "Config validation error: 'str' object has no attribute 'get'", "module": "logger", "function": "_log", "line": 234}
{"timestamp": "2025-09-15T00:06:01.176195", "level": "\u001b[31mERROR\u001b[0m", "logger": "src.utils.logger", "message": "Config validation failed", "module": "logger", "function": "_log", "line": 234}
{"timestamp": "2025-09-15T00:06:09.189520", "level": "\u001b[31mERROR\u001b[0m", "logger": "src.utils.logger", "message": "Config validation error: 'str' object has no attribute 'get'", "module": "logger", "function": "_log", "line": 234}
{"timestamp": "2025-09-15T00:06:09.190360", "level": "\u001b[31mERROR\u001b[0m", "logger": "src.utils.logger", "message": "Config validation failed", "module": "logger", "function": "_log", "line": 234}
{"timestamp": "2025-09-15T00:10:20.174198", "level": "\u001b[31mERROR\u001b[0m", "logger": "src.utils.logger", "message": "Config validation error: 'str' object has no attribute 'get'", "module": "logger", "function": "_log", "line": 234}
{"timestamp": "2025-09-15T00:10:20.174586", "level": "\u001b[31mERROR\u001b[0m", "logger": "src.utils.logger", "message": "Config validation failed", "module": "logger", "function": "_log", "line": 234}
{"timestamp": "2025-09-15T00:12:11.307697", "level": "\u001b[31mERROR\u001b[0m", "logger": "src.utils.logger", "message": "Tab 'server': Error: Failed to save configuration: 'QLineEdit' object has no attribute 'value'", "module": "logger", "function": "_log", "line": 234}
{"timestamp": "2025-09-15T00:12:34.855023", "level": "\u001b[31mERROR\u001b[0m", "logger": "src.utils.logger", "message": "Config validation error: 'str' object has no attribute 'get'", "module": "logger", "function": "_log", "line": 234}
{"timestamp": "2025-09-15T00:12:34.855426", "level": "\u001b[31mERROR\u001b[0m", "logger": "src.utils.logger", "message": "Config validation failed", "module": "logger", "function": "_log", "line": 234}
{"timestamp": "2025-09-15T00:12:44.814424", "level": "\u001b[31mERROR\u001b[0m", "logger": "src.utils.logger", "message": "Tab 'server': Error: Failed to save configuration: 'QLineEdit' object has no attribute 'value'", "module": "logger", "function": "_log", "line": 234}
{"timestamp": "2025-09-15T00:16:24.438692", "level": "\u001b[31mERROR\u001b[0m", "logger": "src.api.routes.auth_routes", "message": "Token yenileme hatası: Expecting value: line 1 column 1 (char 0)", "module": "logger", "function": "_log", "line": 234}
{"timestamp": "2025-09-15T00:16:25.849470", "level": "\u001b[31mERROR\u001b[0m", "logger": "src.api.routes.auth_routes", "message": "Token yenileme hatası: Expecting value: line 1 column 1 (char 0)", "module": "logger", "function": "_log", "line": 234}
{"timestamp": "2025-09-15T00:16:26.571436", "level": "\u001b[31mERROR\u001b[0m", "logger": "src.api.routes.auth_routes", "message": "Token yenileme hatası: Expecting value: line 1 column 1 (char 0)", "module": "logger", "function": "_log", "line": 234}
{"timestamp": "2025-09-15T00:21:02.957034", "level": "\u001b[31mERROR\u001b[0m", "logger": "src.api.routes.base_routes", "message": "Server config alınamadı: 'ServerWorker' object has no attribute 'get_server_config'", "module": "logger", "function": "_log", "line": 234}
{"timestamp": "2025-09-15T00:21:10.707010", "level": "\u001b[31mERROR\u001b[0m", "logger": "src.api.routes.base_routes", "message": "Server config alınamadı: 'ServerWorker' object has no attribute 'get_server_config'", "module": "logger", "function": "_log", "line": 234}
{"timestamp": "2025-09-15T00:21:11.865942", "level": "\u001b[31mERROR\u001b[0m", "logger": "src.api.routes.base_routes", "message": "Server config alınamadı: 'ServerWorker' object has no attribute 'get_server_config'", "module": "logger", "function": "_log", "line": 234}
{"timestamp": "2025-09-15T00:21:12.132176", "level": "\u001b[31mERROR\u001b[0m", "logger": "src.api.routes.base_routes", "message": "Server config alınamadı: 'ServerWorker' object has no attribute 'get_server_config'", "module": "logger", "function": "_log", "line": 234}
{"timestamp": "2025-09-15T00:21:18.360981", "level": "\u001b[31mERROR\u001b[0m", "logger": "src.api.routes.base_routes", "message": "Server başlatılamadı: 'ServerWorker' object has no attribute 'is_server_running'", "module": "logger", "function": "_log", "line": 234}
{"timestamp": "2025-09-15T00:26:31.568504", "level": "\u001b[31mERROR\u001b[0m", "logger": "src.utils.logger", "message": "Config validation error: 'str' object has no attribute 'get'", "module": "logger", "function": "_log", "line": 234}
{"timestamp": "2025-09-15T00:26:31.569494", "level": "\u001b[31mERROR\u001b[0m", "logger": "src.utils.logger", "message": "Config validation failed", "module": "logger", "function": "_log", "line": 234}
{"timestamp": "2025-09-15T00:26:56.373227", "level": "\u001b[31mERROR\u001b[0m", "logger": "src.utils.logger", "message": "Config validation error: 'str' object has no attribute 'get'", "module": "logger", "function": "_log", "line": 234}
{"timestamp": "2025-09-15T00:26:56.373656", "level": "\u001b[31mERROR\u001b[0m", "logger": "src.utils.logger", "message": "Config validation failed", "module": "logger", "function": "_log", "line": 234}
{"timestamp": "2025-09-15T00:29:41.667040", "level": "\u001b[31mERROR\u001b[0m", "logger": "src.utils.logger", "message": "Config validation error: 'str' object has no attribute 'get'", "module": "logger", "function": "_log", "line": 235}
{"timestamp": "2025-09-15T00:29:41.667890", "level": "\u001b[31mERROR\u001b[0m", "logger": "src.utils.logger", "message": "Config validation failed", "module": "logger", "function": "_log", "line": 235}
{"timestamp": "2025-09-15T00:30:57.037470", "level": "\u001b[31mERROR\u001b[0m", "logger": "src.utils.logger", "message": "Config validation error: 'str' object has no attribute 'get'", "module": "logger", "function": "_log", "line": 235}
{"timestamp": "2025-09-15T00:30:57.037999", "level": "\u001b[31mERROR\u001b[0m", "logger": "src.utils.logger", "message": "Config validation failed", "module": "logger", "function": "_log", "line": 235}
{"timestamp": "2025-09-15T00:31:05.836043", "level": "\u001b[31mERROR\u001b[0m", "logger": "src.utils.logger", "message": "Config validation error: 'str' object has no attribute 'get'", "module": "logger", "function": "_log", "line": 235}
{"timestamp": "2025-09-15T00:31:05.836346", "level": "\u001b[31mERROR\u001b[0m", "logger": "src.utils.logger", "message": "Config validation failed", "module": "logger", "function": "_log", "line": 235}
{"timestamp": "2025-09-15T00:31:47.024463", "level": "\u001b[31mERROR\u001b[0m", "logger": "src.api.routes.auth_routes", "message": "JSON parse hatası: Expecting value: line 1 column 1 (char 0)", "module": "logger", "function": "_log", "line": 235}
{"timestamp": "2025-09-15T00:34:15.629409", "level": "\u001b[31mERROR\u001b[0m", "logger": "global", "message": "Config validation error: 'str' object has no attribute 'get'", "module": "logger", "function": "_log", "line": 243}
{"timestamp": "2025-09-15T00:34:15.629769", "level": "\u001b[31mERROR\u001b[0m", "logger": "global", "message": "Config validation failed", "module": "logger", "function": "_log", "line": 243}
{"timestamp": "2025-09-15T00:35:03.502922", "level": "\u001b[31mERROR\u001b[0m", "logger": "global", "message": "Config validation error: 'str' object has no attribute 'get'", "module": "logger", "function": "_log", "line": 244}
{"timestamp": "2025-09-15T00:35:03.503347", "level": "\u001b[31mERROR\u001b[0m", "logger": "global", "message": "Config validation failed", "module": "logger", "function": "_log", "line": 244}
{"timestamp": "2025-09-15T00:35:33.075222", "level": "\u001b[31mERROR\u001b[0m", "logger": "global", "message": "Config validation error: 'str' object has no attribute 'get'", "module": "logger", "function": "_log", "line": 244}
{"timestamp": "2025-09-15T00:35:33.075735", "level": "\u001b[31mERROR\u001b[0m", "logger": "global", "message": "Config validation failed", "module": "logger", "function": "_log", "line": 244}
{"timestamp": "2025-09-15T00:35:36.386880", "level": "\u001b[31mERROR\u001b[0m", "logger": "global", "message": "Config validation error: 'str' object has no attribute 'get'", "module": "logger", "function": "_log", "line": 244}
{"timestamp": "2025-09-15T00:35:36.387303", "level": "\u001b[31mERROR\u001b[0m", "logger": "global", "message": "Config validation failed", "module": "logger", "function": "_log", "line": 244}
{"timestamp": "2025-09-15T00:43:26.517091", "level": "\u001b[31mERROR\u001b[0m", "logger": "global", "message": "Server yeniden başlatılamadı: 'ServerWorker' object has no attribute 'restart_server'", "module": "logger", "function": "_log", "line": 244}
{"timestamp": "2025-09-15T00:43:33.134208", "level": "\u001b[31mERROR\u001b[0m", "logger": "global", "message": "Server durdurulamadı: 'ServerWorker' object has no attribute 'is_server_running'", "module": "logger", "function": "_log", "line": 244}
{"timestamp": "2025-09-15T22:44:54.536287", "level": "\u001b[31mERROR\u001b[0m", "logger": "global", "message": "Config validation error: 'str' object has no attribute 'get'", "module": "logger", "function": "_log", "line": 244}
{"timestamp": "2025-09-15T22:44:54.537088", "level": "\u001b[31mERROR\u001b[0m", "logger": "global", "message": "Config validation failed", "module": "logger", "function": "_log", "line": 244}
{"timestamp": "2025-09-15T23:00:49.459336", "level": "\u001b[31mERROR\u001b[0m", "logger": "global", "message": "Config validation error: 'str' object has no attribute 'get'", "module": "logger", "function": "_log", "line": 244}
{"timestamp": "2025-09-15T23:00:49.459841", "level": "\u001b[31mERROR\u001b[0m", "logger": "global", "message": "Config validation failed", "module": "logger", "function": "_log", "line": 244}
{"timestamp": "2025-09-15T23:00:59.904250", "level": "\u001b[31mERROR\u001b[0m", "logger": "global", "message": "Failed to apply theme: attempted relative import beyond top-level package", "module": "logger", "function": "_log", "line": 244}
{"timestamp": "2025-09-15T23:01:25.503868", "level": "\u001b[31mERROR\u001b[0m", "logger": "global", "message": "Config validation error: 'str' object has no attribute 'get'", "module": "logger", "function": "_log", "line": 244}
{"timestamp": "2025-09-15T23:01:25.504208", "level": "\u001b[31mERROR\u001b[0m", "logger": "global", "message": "Config validation failed", "module": "logger", "function": "_log", "line": 244}
{"timestamp": "2025-09-15T23:01:54.031519", "level": "\u001b[31mERROR\u001b[0m", "logger": "global", "message": "Config validation error: 'str' object has no attribute 'get'", "module": "logger", "function": "_log", "line": 244}
{"timestamp": "2025-09-15T23:01:54.031924", "level": "\u001b[31mERROR\u001b[0m", "logger": "global", "message": "Config validation failed", "module": "logger", "function": "_log", "line": 244}
{"timestamp": "2025-09-15T23:02:47.991262", "level": "\u001b[31mERROR\u001b[0m", "logger": "global", "message": "Failed to apply theme: attempted relative import beyond top-level package", "module": "logger", "function": "_log", "line": 244}
{"timestamp": "2025-09-15T23:17:43.516175", "level": "\u001b[31mERROR\u001b[0m", "logger": "global", "message": "Varsayılan konfigürasyon alınamadı: 'int' object has no attribute 'value'", "module": "logger", "function": "_log", "line": 254}
{"timestamp": "2025-09-15T23:17:50.291767", "level": "\u001b[31mERROR\u001b[0m", "logger": "global", "message": "Varsayılan konfigürasyon alınamadı: 'int' object has no attribute 'value'", "module": "logger", "function": "_log", "line": 254}
{"timestamp": "2025-09-15T23:39:39.662114", "level": "\u001b[31mERROR\u001b[0m", "logger": "global", "message": "Server başlatılamadı: 'ServerSettings' object has no attribute 'max_connections'", "module": "logger", "function": "_log", "line": 254}
{"timestamp": "2025-09-15T23:39:39.665169", "level": "\u001b[31mERROR\u001b[0m", "logger": "global", "message": "Server başlatılamadı: 'ServerSettings' object has no attribute 'max_connections'", "module": "logger", "function": "_log", "line": 254}
{"timestamp": "2025-09-15T23:39:39.668474", "level": "\u001b[31mERROR\u001b[0m", "logger": "global", "message": "Server error: 'ServerSettings' object has no attribute 'max_connections'", "module": "logger", "function": "_log", "line": 254}
{"timestamp": "2025-09-15T23:39:39.703973", "level": "\u001b[31mERROR\u001b[0m", "logger": "global", "message": "Server error: 'ServerSettings' object has no attribute 'max_connections'", "module": "logger", "function": "_log", "line": 254}
{"timestamp": "2025-09-15T23:39:42.247417", "level": "\u001b[31mERROR\u001b[0m", "logger": "global", "message": "Tab 'server': Error: Server error: 'ServerSettings' object has no attribute 'max_connections'", "module": "logger", "function": "_log", "line": 254}
{"timestamp": "2025-09-15T23:39:42.248405", "level": "\u001b[31mERROR\u001b[0m", "logger": "global", "message": "Server hatası: 'ServerSettings' object has no attribute 'max_connections'", "module": "logger", "function": "_log", "line": 254}
{"timestamp": "2025-09-15T23:39:42.897477", "level": "\u001b[31mERROR\u001b[0m", "logger": "global", "message": "Tab 'server': Error: Server error: 'ServerSettings' object has no attribute 'max_connections'", "module": "logger", "function": "_log", "line": 254}
{"timestamp": "2025-09-15T23:39:42.898409", "level": "\u001b[31mERROR\u001b[0m", "logger": "global", "message": "Server hatası: 'ServerSettings' object has no attribute 'max_connections'", "module": "logger", "function": "_log", "line": 254}
{"timestamp": "2025-09-15T23:49:17.394186", "level": "\u001b[31mERROR\u001b[0m", "logger": "global", "message": "Server başlatılamadı: 'ServerSettings' object has no attribute 'max_connections'", "module": "logger", "function": "_log", "line": 254}
{"timestamp": "2025-09-15T23:49:17.395403", "level": "\u001b[31mERROR\u001b[0m", "logger": "global", "message": "Server başlatılamadı: 'ServerSettings' object has no attribute 'max_connections'", "module": "logger", "function": "_log", "line": 254}
{"timestamp": "2025-09-15T23:49:17.402741", "level": "\u001b[31mERROR\u001b[0m", "logger": "global", "message": "Server error: 'ServerSettings' object has no attribute 'max_connections'", "module": "logger", "function": "_log", "line": 254}
{"timestamp": "2025-09-15T23:49:17.452468", "level": "\u001b[31mERROR\u001b[0m", "logger": "global", "message": "Server error: 'ServerSettings' object has no attribute 'max_connections'", "module": "logger", "function": "_log", "line": 254}
{"timestamp": "2025-09-15T23:49:20.077714", "level": "\u001b[31mERROR\u001b[0m", "logger": "global", "message": "Tab 'server': Error: Server error: 'ServerSettings' object has no attribute 'max_connections'", "module": "logger", "function": "_log", "line": 254}
{"timestamp": "2025-09-15T23:49:20.079022", "level": "\u001b[31mERROR\u001b[0m", "logger": "global", "message": "Server hatası: 'ServerSettings' object has no attribute 'max_connections'", "module": "logger", "function": "_log", "line": 254}
{"timestamp": "2025-09-15T23:49:21.109449", "level": "\u001b[31mERROR\u001b[0m", "logger": "global", "message": "Tab 'server': Error: Server error: 'ServerSettings' object has no attribute 'max_connections'", "module": "logger", "function": "_log", "line": 254}
{"timestamp": "2025-09-15T23:49:21.110364", "level": "\u001b[31mERROR\u001b[0m", "logger": "global", "message": "Server hatası: 'ServerSettings' object has no attribute 'max_connections'", "module": "logger", "function": "_log", "line": 254}
